<!DOCTYPE html PUBLIC "-//W3C//DTD XHTML 1.1//EN" "http://www.w3.org/TR/xhtml11/DTD/xhtml11.dtd">
<html xmlns="http://www.w3.org/1999/xhtml">
<head>
<meta http-equiv="content-type" content="text/html; charset=UTF-8"/>
<title>TestNG Report</title>
<style type="text/css">table {margin-bottom:10px;border-collapse:collapse;empty-cells:show}th,td {border:1px solid #009;padding:.25em .5em}th {vertical-align:bottom}td {vertical-align:top}table a {font-weight:bold}.stripe td {background-color: #E6EBF9}.num {text-align:right}.passedodd td {background-color: #3F3}.passedeven td {background-color: #0A0}.skippedodd td {background-color: #DDD}.skippedeven td {background-color: #CCC}.failedodd td,.attn {background-color: #F33}.failedeven td,.stripe .attn {background-color: #D00}.stacktrace {white-space:pre;font-family:monospace}.totop {font-size:85%;text-align:center;border-bottom:2px solid #000}.invisible {display:none}</style>
</head>
<body>
<table>
<tr><th>Test</th><th># Passed</th><th># Skipped</th><th># Failed</th><th>Time (ms)</th><th>Included Groups</th><th>Excluded Groups</th></tr>
<tr><th colspan="7">OrderProCategory</th></tr>
<tr><td><a href="#t0">Category wise Product order</a></td><td class="num">3</td><td class="num">0</td><td class="num attn">2</td><td class="num">158,675</td><td></td><td></td></tr>
<tr><th colspan="7">SmokeTestingWithOnlineUser</th></tr>
<tr class="stripe"><td><a href="#t1">Signup process for personal Account</a></td><td class="num">3</td><td class="num">0</td><td class="num">0</td><td class="num">20,292</td><td></td><td></td></tr>
<tr><td><a href="#t2">Order Proceed with personal account users</a></td><td class="num">2</td><td class="num">0</td><td class="num attn">2</td><td class="num">113,450</td><td></td><td></td></tr>
<tr><th colspan="7">RFQProcesswithOnlineUser</th></tr>
<tr class="stripe"><td><a href="#t3">Bulk Order Query with Online user</a></td><td class="num">2</td><td class="num">0</td><td class="num">0</td><td class="num">38,859</td><td></td><td></td></tr>
<tr><th colspan="7">SmokeTestingWithBusinessUser.xml</th></tr>
<tr><td><a href="#t4">Signup process for Business Account user</a></td><td class="num">4</td><td class="num">0</td><td class="num">0</td><td class="num">67,638</td><td></td><td></td></tr>
<tr class="stripe"><td><a href="#t5">Order Proceed with personal account users</a></td><td class="num">2</td><td class="num">0</td><td class="num attn">3</td><td class="num">124,231</td><td></td><td></td></tr>
<tr><th colspan="7">Sanity Testing Suit</th></tr>
<tr><th colspan="7">RequestforQuoteProcess</th></tr>
<tr><td><a href="#t6">Login into the application and Select product</a></td><td class="num">2</td><td class="num">0</td><td class="num">0</td><td class="num">14,683</td><td></td><td></td></tr>
<tr class="stripe"><td><a href="#t7">Request for Quotation</a></td><td class="num">2</td><td class="num">0</td><td class="num">0</td><td class="num">38,126</td><td></td><td></td></tr>
<tr><th>Total</th><th class="num">20</th><th class="num">0</th><th class="num attn">7</th><th class="num">575,954</th><th colspan="2"></th></tr>
</table>
<table id='summary'><thead><tr><th>Class</th><th>Method</th><th>Start</th><th>Time (ms)</th></tr></thead><tbody><tr><th colspan="4">OrderProCategory</th></tr></tbody><tbody id="t0"><tr><th colspan="4">Category wise Product order &#8212; failed</th></tr><tr class="failedeven"><td rowspan="2">online.testcases.com.PlacedOrderd</td><td><a href="#m0">addShippingAddress</a></td><td rowspan="1">1526903384332</td><td rowspan="1">29116</td></tr><tr class="failedeven"><td><a href="#m1">proceedOrdertoPayment</a></td><td rowspan="1">1526903413450</td><td rowspan="1">10039</td></tr><tr><th colspan="4">Category wise Product order &#8212; passed</th></tr><tr class="passedeven"><td rowspan="3">online.testcases.com.PlacedOrderd</td><td><a href="#m2">AddProductIntoCart</a></td><td rowspan="1">1526903317060</td><td rowspan="1">67252</td></tr><tr class="passedeven"><td><a href="#m3">OrderCategoryProduct</a></td><td rowspan="1">1526903272404</td><td rowspan="1">44656</td></tr><tr class="passedeven"><td><a href="#m4">validLogin</a></td><td rowspan="1">1526903264822</td><td rowspan="1">7581</td></tr></tbody>
<tbody><tr><th colspan="4">SmokeTestingWithOnlineUser</th></tr></tbody><tbody id="t1"><tr><th colspan="4">Signup process for personal Account &#8212; passed</th></tr><tr class="passedeven"><td rowspan="3">online.testcases.com.Personaluseraccount</td><td><a href="#m5">navigateOnSignupPage</a></td><td rowspan="1">1526902866636</td><td rowspan="1">6712</td></tr><tr class="passedeven"><td><a href="#m6">signupWithPersonalAccountInMoglixApp</a></td><td rowspan="1">1526902876525</td><td rowspan="1">10201</td></tr><tr class="passedeven"><td><a href="#m7">verifySingupMandatoryFields</a></td><td rowspan="1">1526902873352</td><td rowspan="1">3156</td></tr></tbody>
<tbody id="t2"><tr><th colspan="4">Order Proceed with personal account users &#8212; failed</th></tr><tr class="failedeven"><td rowspan="2">online.testcases.com.PlacedOrderd</td><td><a href="#m8">addShippingAddress</a></td><td rowspan="1">1526902960995</td><td rowspan="1">29152</td></tr><tr class="failedeven"><td><a href="#m9">proceedOrdertoPayment</a></td><td rowspan="1">1526902990160</td><td rowspan="1">10035</td></tr><tr><th colspan="4">Order Proceed with personal account users &#8212; passed</th></tr><tr class="passedeven"><td rowspan="2">online.testcases.com.PlacedOrderd</td><td><a href="#m10">AddProductIntoCart</a></td><td rowspan="1">1526902893768</td><td rowspan="1">67182</td></tr><tr class="passedeven"><td><a href="#m11">SelectProduct</a></td><td rowspan="1">1526902886749</td><td rowspan="1">7014</td></tr></tbody>
<tbody><tr><th colspan="4">RFQProcesswithOnlineUser</th></tr></tbody><tbody id="t3"><tr><th colspan="4">Bulk Order Query with Online user &#8212; passed</th></tr><tr class="passedeven"><td rowspan="2">online.testcases.com.RFQProcess</td><td><a href="#m12">bulkOrderQuerywithOnlineUser</a></td><td rowspan="1">1526903564856</td><td rowspan="1">27765</td></tr><tr class="passedeven"><td><a href="#m13">navigateToRFQPage</a></td><td rowspan="1">1526903553769</td><td rowspan="1">11082</td></tr></tbody>
<tbody><tr><th colspan="4">SmokeTestingWithBusinessUser.xml</th></tr></tbody><tbody id="t4"><tr><th colspan="4">Signup process for Business Account user &#8212; passed</th></tr><tr class="passedeven"><td rowspan="4">online.testcases.com.BusinessAccount</td><td><a href="#m14">navigateOnSignupPage</a></td><td rowspan="1">1526903033483</td><td rowspan="1">616</td></tr><tr class="passedeven"><td><a href="#m15">navigateToCreateBusinessAccountPage</a></td><td rowspan="1">1526903034110</td><td rowspan="1">25562</td></tr><tr class="passedeven"><td><a href="#m16">signUpwithBusinessAccountInMoglixApp</a></td><td rowspan="1">1526903071956</td><td rowspan="1">29158</td></tr><tr class="passedeven"><td><a href="#m17">verifyMandatoryfieldBusinessAccountPage</a></td><td rowspan="1">1526903059673</td><td rowspan="1">12276</td></tr></tbody>
<tbody id="t5"><tr><th colspan="4">Order Proceed with personal account users &#8212; failed</th></tr><tr class="failedeven"><td rowspan="3">online.testcases.com.PlacedOrderd</td><td><a href="#m18">addBiillingAddress</a></td><td rowspan="1">1526903205219</td><td rowspan="1">10087</td></tr><tr class="failedeven"><td><a href="#m19">addShippingAddress</a></td><td rowspan="1">1526903176088</td><td rowspan="1">29076</td></tr><tr class="failedeven"><td><a href="#m20">proceedOrdertoPayment</a></td><td rowspan="1">1526903215312</td><td rowspan="1">10038</td></tr><tr><th colspan="4">Order Proceed with personal account users &#8212; passed</th></tr><tr class="passedeven"><td rowspan="2">online.testcases.com.PlacedOrderd</td><td><a href="#m21">AddProductIntoCart</a></td><td rowspan="1">1526903108950</td><td rowspan="1">67117</td></tr><tr class="passedeven"><td><a href="#m22">SelectProduct</a></td><td rowspan="1">1526903101122</td><td rowspan="1">7825</td></tr></tbody>
<tbody><tr><th colspan="4">Sanity Testing Suit</th></tr></tbody><tbody><tr><th colspan="4">RequestforQuoteProcess</th></tr></tbody><tbody id="t6"><tr><th colspan="4">Login into the application and Select product &#8212; passed</th></tr><tr class="passedeven"><td rowspan="2">online.testcases.com.PlacedOrderd</td><td><a href="#m23">SelectProduct</a></td><td rowspan="1">1526903478915</td><td rowspan="1">6951</td></tr><tr class="passedeven"><td><a href="#m24">validLogin</a></td><td rowspan="1">1526903471189</td><td rowspan="1">7725</td></tr></tbody>
<tbody id="t7"><tr><th colspan="4">Request for Quotation &#8212; passed</th></tr><tr class="passedeven"><td rowspan="2">online.testcases.com.RequestQuoteProcess</td><td><a href="#m25">ApplyBulkOrderRequestForm</a></td><td rowspan="1">1526903508302</td><td rowspan="1">15701</td></tr><tr class="passedeven"><td><a href="#m26">NavigatedToRFQPage</a></td><td rowspan="1">1526903485881</td><td rowspan="1">22416</td></tr></tbody>
</table>
<h2>Category wise Product order</h2><h3 id="m0">online.testcases.com.PlacedOrderd#addShippingAddress</h3><table class="result"><tr class="param"><th>Parameter #1</th><th>Parameter #2</th></tr><tr class="param stripe"><td>201301</td><td>Noida Sector 18</td></tr><tr><th colspan="2">Exception</th></tr><tr><td colspan="2"><div class="stacktrace">org.openqa.selenium.NoSuchElementException: no such element: Unable to locate element: {&quot;method&quot;:&quot;xpath&quot;,&quot;selector&quot;:&quot;//input[starts-with(@formcontrolname,&apos;postCode&apos;)]&quot;}
  (Session info: chrome=65.0.3325.181)
  (Driver info: chromedriver=2.38.552522 (437e6fbedfa8762dec75e2c5b3ddb86763dc9dcb),platform=Linux 4.13.0-38-generic x86_64) (WARNING: The server did not provide any stacktrace information)
Command duration or timeout: 0 milliseconds
For documentation on this error, please visit: http://seleniumhq.org/exceptions/no_such_element.html
Build info: version: &apos;3.11.0&apos;, revision: &apos;e59cfb3&apos;, time: &apos;2018-03-11T20:33:15.31Z&apos;
System info: host: &apos;ShaliniSingh-ThinkPad-E460&apos;, ip: &apos;127.0.1.1&apos;, os.name: &apos;Linux&apos;, os.arch: &apos;amd64&apos;, os.version: &apos;4.13.0-38-generic&apos;, java.version: &apos;1.8.0_161&apos;
Driver info: org.openqa.selenium.chrome.ChromeDriver
Capabilities {acceptInsecureCerts: false, acceptSslCerts: false, applicationCacheEnabled: false, browserConnectionEnabled: false, browserName: chrome, chrome: {chromedriverVersion: 2.38.552522 (437e6fbedfa876..., userDataDir: /tmp/.org.chromium.Chromium...}, cssSelectorsEnabled: true, databaseEnabled: false, handlesAlerts: true, hasTouchScreen: false, javascriptEnabled: true, locationContextEnabled: true, mobileEmulationEnabled: false, nativeEvents: true, networkConnectionEnabled: false, pageLoadStrategy: normal, platform: LINUX, platformName: LINUX, rotatable: false, setWindowRect: true, takesHeapSnapshot: true, takesScreenshot: true, unexpectedAlertBehaviour: , unhandledPromptBehavior: , version: 65.0.3325.181, webStorageEnabled: true}
Session ID: 12419dc25728f6c5b42e7211612b539b
*** Element info: {Using=xpath, value=//input[starts-with(@formcontrolname,&apos;postCode&apos;)]}
	at org.openqa.selenium.remote.ErrorHandler.createThrowable(ErrorHandler.java:214)
	at org.openqa.selenium.remote.ErrorHandler.throwIfResponseFailed(ErrorHandler.java:166)
	at org.openqa.selenium.remote.http.JsonHttpResponseCodec.reconstructValue(JsonHttpResponseCodec.java:40)
	at org.openqa.selenium.remote.http.AbstractHttpResponseCodec.decode(AbstractHttpResponseCodec.java:80)
	at org.openqa.selenium.remote.http.AbstractHttpResponseCodec.decode(AbstractHttpResponseCodec.java:44)
	at org.openqa.selenium.remote.HttpCommandExecutor.execute(HttpCommandExecutor.java:158)
	at org.openqa.selenium.remote.service.DriverCommandExecutor.execute(DriverCommandExecutor.java:83)
	at org.openqa.selenium.remote.RemoteWebDriver.execute(RemoteWebDriver.java:545)
	at org.openqa.selenium.remote.RemoteWebDriver.findElement(RemoteWebDriver.java:319)
	at org.openqa.selenium.remote.RemoteWebDriver.findElementByXPath(RemoteWebDriver.java:421)
	at org.openqa.selenium.By$ByXPath.findElement(By.java:361)
	at org.openqa.selenium.remote.RemoteWebDriver.findElement(RemoteWebDriver.java:311)
	at org.openqa.selenium.support.pagefactory.DefaultElementLocator.findElement(DefaultElementLocator.java:69)
	at org.openqa.selenium.support.pagefactory.internal.LocatingElementHandler.invoke(LocatingElementHandler.java:38)
	at com.sun.proxy.$Proxy9.sendKeys(Unknown Source)
	at online.appmethods.com.LoginMethods.enterPinNo(LoginMethods.java:66)
	at online.testcases.com.PlacedOrderd.addShippingAddress(PlacedOrderd.java:143)
... Removed 30 stack frames</div></td></tr></table><p class="totop"><a href="#summary">back to summary</a></p>
<h3 id="m1">online.testcases.com.PlacedOrderd#proceedOrdertoPayment</h3><table class="result"><tr><th>Exception</th></tr><tr><td><div class="stacktrace">org.openqa.selenium.NoSuchElementException: no such element: Unable to locate element: {&quot;method&quot;:&quot;xpath&quot;,&quot;selector&quot;:&quot;//button[contains(text(),&apos;CONTINUE&apos;)]&quot;}
  (Session info: chrome=65.0.3325.181)
  (Driver info: chromedriver=2.38.552522 (437e6fbedfa8762dec75e2c5b3ddb86763dc9dcb),platform=Linux 4.13.0-38-generic x86_64) (WARNING: The server did not provide any stacktrace information)
Command duration or timeout: 0 milliseconds
For documentation on this error, please visit: http://seleniumhq.org/exceptions/no_such_element.html
Build info: version: &apos;3.11.0&apos;, revision: &apos;e59cfb3&apos;, time: &apos;2018-03-11T20:33:15.31Z&apos;
System info: host: &apos;ShaliniSingh-ThinkPad-E460&apos;, ip: &apos;127.0.1.1&apos;, os.name: &apos;Linux&apos;, os.arch: &apos;amd64&apos;, os.version: &apos;4.13.0-38-generic&apos;, java.version: &apos;1.8.0_161&apos;
Driver info: org.openqa.selenium.chrome.ChromeDriver
Capabilities {acceptInsecureCerts: false, acceptSslCerts: false, applicationCacheEnabled: false, browserConnectionEnabled: false, browserName: chrome, chrome: {chromedriverVersion: 2.38.552522 (437e6fbedfa876..., userDataDir: /tmp/.org.chromium.Chromium...}, cssSelectorsEnabled: true, databaseEnabled: false, handlesAlerts: true, hasTouchScreen: false, javascriptEnabled: true, locationContextEnabled: true, mobileEmulationEnabled: false, nativeEvents: true, networkConnectionEnabled: false, pageLoadStrategy: normal, platform: LINUX, platformName: LINUX, rotatable: false, setWindowRect: true, takesHeapSnapshot: true, takesScreenshot: true, unexpectedAlertBehaviour: , unhandledPromptBehavior: , version: 65.0.3325.181, webStorageEnabled: true}
Session ID: 12419dc25728f6c5b42e7211612b539b
*** Element info: {Using=xpath, value=//button[contains(text(),&apos;CONTINUE&apos;)]}
	at org.openqa.selenium.remote.ErrorHandler.createThrowable(ErrorHandler.java:214)
	at org.openqa.selenium.remote.ErrorHandler.throwIfResponseFailed(ErrorHandler.java:166)
	at org.openqa.selenium.remote.http.JsonHttpResponseCodec.reconstructValue(JsonHttpResponseCodec.java:40)
	at org.openqa.selenium.remote.http.AbstractHttpResponseCodec.decode(AbstractHttpResponseCodec.java:80)
	at org.openqa.selenium.remote.http.AbstractHttpResponseCodec.decode(AbstractHttpResponseCodec.java:44)
	at org.openqa.selenium.remote.HttpCommandExecutor.execute(HttpCommandExecutor.java:158)
	at org.openqa.selenium.remote.service.DriverCommandExecutor.execute(DriverCommandExecutor.java:83)
	at org.openqa.selenium.remote.RemoteWebDriver.execute(RemoteWebDriver.java:545)
	at org.openqa.selenium.remote.RemoteWebDriver.findElement(RemoteWebDriver.java:319)
	at org.openqa.selenium.remote.RemoteWebDriver.findElementByXPath(RemoteWebDriver.java:421)
	at org.openqa.selenium.By$ByXPath.findElement(By.java:361)
	at org.openqa.selenium.remote.RemoteWebDriver.findElement(RemoteWebDriver.java:311)
	at org.openqa.selenium.support.pagefactory.DefaultElementLocator.findElement(DefaultElementLocator.java:69)
	at org.openqa.selenium.support.pagefactory.internal.LocatingElementHandler.invoke(LocatingElementHandler.java:38)
	at com.sun.proxy.$Proxy9.click(Unknown Source)
	at online.appmethods.com.LoginMethods.clkContinuebtn(LoginMethods.java:31)
	at online.testcases.com.PlacedOrderd.proceedOrdertoPayment(PlacedOrderd.java:169)
... Removed 30 stack frames</div></td></tr></table><p class="totop"><a href="#summary">back to summary</a></p>
<h3 id="m2">online.testcases.com.PlacedOrderd#AddProductIntoCart</h3><table class="result"><tr><th class="invisible"/></tr></table><p class="totop"><a href="#summary">back to summary</a></p>
<h3 id="m3">online.testcases.com.PlacedOrderd#OrderCategoryProduct</h3><table class="result"><tr><th class="invisible"/></tr></table><p class="totop"><a href="#summary">back to summary</a></p>
<h3 id="m4">online.testcases.com.PlacedOrderd#validLogin</h3><table class="result"><tr class="param"><th>Parameter #1</th><th>Parameter #2</th></tr><tr class="param stripe"><td>test1@yopmail.com</td><td>test@123</td></tr></table><p class="totop"><a href="#summary">back to summary</a></p>
<h2>Signup process for personal Account</h2><h3 id="m5">online.testcases.com.Personaluseraccount#navigateOnSignupPage</h3><table class="result"><tr class="param"><th>Parameter #1</th></tr><tr class="param stripe"><td>testpersonaluser18@yopmail.com</td></tr></table><p class="totop"><a href="#summary">back to summary</a></p>
<h3 id="m6">online.testcases.com.Personaluseraccount#signupWithPersonalAccountInMoglixApp</h3><table class="result"><tr class="param"><th>Parameter #1</th><th>Parameter #2</th><th>Parameter #3</th></tr><tr class="param stripe"><td>test@123</td><td>2359008818</td><td>OnlineUser</td></tr></table><p class="totop"><a href="#summary">back to summary</a></p>
<h3 id="m7">online.testcases.com.Personaluseraccount#verifySingupMandatoryFields</h3><table class="result"><tr><th class="invisible"/></tr></table><p class="totop"><a href="#summary">back to summary</a></p>
<h2>Order Proceed with personal account users</h2><h3 id="m8">online.testcases.com.PlacedOrderd#addShippingAddress</h3><table class="result"><tr class="param"><th>Parameter #1</th><th>Parameter #2</th></tr><tr class="param stripe"><td>201301</td><td>Noida Sector 18</td></tr><tr><th colspan="2">Exception</th></tr><tr><td colspan="2"><div class="stacktrace">org.openqa.selenium.NoSuchElementException: no such element: Unable to locate element: {&quot;method&quot;:&quot;xpath&quot;,&quot;selector&quot;:&quot;//input[starts-with(@formcontrolname,&apos;postCode&apos;)]&quot;}
  (Session info: chrome=65.0.3325.181)
  (Driver info: chromedriver=2.38.552522 (437e6fbedfa8762dec75e2c5b3ddb86763dc9dcb),platform=Linux 4.13.0-38-generic x86_64) (WARNING: The server did not provide any stacktrace information)
Command duration or timeout: 0 milliseconds
For documentation on this error, please visit: http://seleniumhq.org/exceptions/no_such_element.html
Build info: version: &apos;3.11.0&apos;, revision: &apos;e59cfb3&apos;, time: &apos;2018-03-11T20:33:15.31Z&apos;
System info: host: &apos;ShaliniSingh-ThinkPad-E460&apos;, ip: &apos;127.0.1.1&apos;, os.name: &apos;Linux&apos;, os.arch: &apos;amd64&apos;, os.version: &apos;4.13.0-38-generic&apos;, java.version: &apos;1.8.0_161&apos;
Driver info: org.openqa.selenium.chrome.ChromeDriver
Capabilities {acceptInsecureCerts: false, acceptSslCerts: false, applicationCacheEnabled: false, browserConnectionEnabled: false, browserName: chrome, chrome: {chromedriverVersion: 2.38.552522 (437e6fbedfa876..., userDataDir: /tmp/.org.chromium.Chromium...}, cssSelectorsEnabled: true, databaseEnabled: false, handlesAlerts: true, hasTouchScreen: false, javascriptEnabled: true, locationContextEnabled: true, mobileEmulationEnabled: false, nativeEvents: true, networkConnectionEnabled: false, pageLoadStrategy: normal, platform: LINUX, platformName: LINUX, rotatable: false, setWindowRect: true, takesHeapSnapshot: true, takesScreenshot: true, unexpectedAlertBehaviour: , unhandledPromptBehavior: , version: 65.0.3325.181, webStorageEnabled: true}
Session ID: 87164465b715db0d790ca123a632c683
*** Element info: {Using=xpath, value=//input[starts-with(@formcontrolname,&apos;postCode&apos;)]}
	at org.openqa.selenium.remote.ErrorHandler.createThrowable(ErrorHandler.java:214)
	at org.openqa.selenium.remote.ErrorHandler.throwIfResponseFailed(ErrorHandler.java:166)
	at org.openqa.selenium.remote.http.JsonHttpResponseCodec.reconstructValue(JsonHttpResponseCodec.java:40)
	at org.openqa.selenium.remote.http.AbstractHttpResponseCodec.decode(AbstractHttpResponseCodec.java:80)
	at org.openqa.selenium.remote.http.AbstractHttpResponseCodec.decode(AbstractHttpResponseCodec.java:44)
	at org.openqa.selenium.remote.HttpCommandExecutor.execute(HttpCommandExecutor.java:158)
	at org.openqa.selenium.remote.service.DriverCommandExecutor.execute(DriverCommandExecutor.java:83)
	at org.openqa.selenium.remote.RemoteWebDriver.execute(RemoteWebDriver.java:545)
	at org.openqa.selenium.remote.RemoteWebDriver.findElement(RemoteWebDriver.java:319)
	at org.openqa.selenium.remote.RemoteWebDriver.findElementByXPath(RemoteWebDriver.java:421)
	at org.openqa.selenium.By$ByXPath.findElement(By.java:361)
	at org.openqa.selenium.remote.RemoteWebDriver.findElement(RemoteWebDriver.java:311)
	at org.openqa.selenium.support.pagefactory.DefaultElementLocator.findElement(DefaultElementLocator.java:69)
	at org.openqa.selenium.support.pagefactory.internal.LocatingElementHandler.invoke(LocatingElementHandler.java:38)
	at com.sun.proxy.$Proxy9.sendKeys(Unknown Source)
	at online.appmethods.com.LoginMethods.enterPinNo(LoginMethods.java:66)
	at online.testcases.com.PlacedOrderd.addShippingAddress(PlacedOrderd.java:143)
... Removed 30 stack frames</div></td></tr></table><p class="totop"><a href="#summary">back to summary</a></p>
<h3 id="m9">online.testcases.com.PlacedOrderd#proceedOrdertoPayment</h3><table class="result"><tr><th>Exception</th></tr><tr><td><div class="stacktrace">org.openqa.selenium.NoSuchElementException: no such element: Unable to locate element: {&quot;method&quot;:&quot;xpath&quot;,&quot;selector&quot;:&quot;//button[contains(text(),&apos;CONTINUE&apos;)]&quot;}
  (Session info: chrome=65.0.3325.181)
  (Driver info: chromedriver=2.38.552522 (437e6fbedfa8762dec75e2c5b3ddb86763dc9dcb),platform=Linux 4.13.0-38-generic x86_64) (WARNING: The server did not provide any stacktrace information)
Command duration or timeout: 0 milliseconds
For documentation on this error, please visit: http://seleniumhq.org/exceptions/no_such_element.html
Build info: version: &apos;3.11.0&apos;, revision: &apos;e59cfb3&apos;, time: &apos;2018-03-11T20:33:15.31Z&apos;
System info: host: &apos;ShaliniSingh-ThinkPad-E460&apos;, ip: &apos;127.0.1.1&apos;, os.name: &apos;Linux&apos;, os.arch: &apos;amd64&apos;, os.version: &apos;4.13.0-38-generic&apos;, java.version: &apos;1.8.0_161&apos;
Driver info: org.openqa.selenium.chrome.ChromeDriver
Capabilities {acceptInsecureCerts: false, acceptSslCerts: false, applicationCacheEnabled: false, browserConnectionEnabled: false, browserName: chrome, chrome: {chromedriverVersion: 2.38.552522 (437e6fbedfa876..., userDataDir: /tmp/.org.chromium.Chromium...}, cssSelectorsEnabled: true, databaseEnabled: false, handlesAlerts: true, hasTouchScreen: false, javascriptEnabled: true, locationContextEnabled: true, mobileEmulationEnabled: false, nativeEvents: true, networkConnectionEnabled: false, pageLoadStrategy: normal, platform: LINUX, platformName: LINUX, rotatable: false, setWindowRect: true, takesHeapSnapshot: true, takesScreenshot: true, unexpectedAlertBehaviour: , unhandledPromptBehavior: , version: 65.0.3325.181, webStorageEnabled: true}
Session ID: 87164465b715db0d790ca123a632c683
*** Element info: {Using=xpath, value=//button[contains(text(),&apos;CONTINUE&apos;)]}
	at org.openqa.selenium.remote.ErrorHandler.createThrowable(ErrorHandler.java:214)
	at org.openqa.selenium.remote.ErrorHandler.throwIfResponseFailed(ErrorHandler.java:166)
	at org.openqa.selenium.remote.http.JsonHttpResponseCodec.reconstructValue(JsonHttpResponseCodec.java:40)
	at org.openqa.selenium.remote.http.AbstractHttpResponseCodec.decode(AbstractHttpResponseCodec.java:80)
	at org.openqa.selenium.remote.http.AbstractHttpResponseCodec.decode(AbstractHttpResponseCodec.java:44)
	at org.openqa.selenium.remote.HttpCommandExecutor.execute(HttpCommandExecutor.java:158)
	at org.openqa.selenium.remote.service.DriverCommandExecutor.execute(DriverCommandExecutor.java:83)
	at org.openqa.selenium.remote.RemoteWebDriver.execute(RemoteWebDriver.java:545)
	at org.openqa.selenium.remote.RemoteWebDriver.findElement(RemoteWebDriver.java:319)
	at org.openqa.selenium.remote.RemoteWebDriver.findElementByXPath(RemoteWebDriver.java:421)
	at org.openqa.selenium.By$ByXPath.findElement(By.java:361)
	at org.openqa.selenium.remote.RemoteWebDriver.findElement(RemoteWebDriver.java:311)
	at org.openqa.selenium.support.pagefactory.DefaultElementLocator.findElement(DefaultElementLocator.java:69)
	at org.openqa.selenium.support.pagefactory.internal.LocatingElementHandler.invoke(LocatingElementHandler.java:38)
	at com.sun.proxy.$Proxy9.click(Unknown Source)
	at online.appmethods.com.LoginMethods.clkContinuebtn(LoginMethods.java:31)
	at online.testcases.com.PlacedOrderd.proceedOrdertoPayment(PlacedOrderd.java:169)
... Removed 30 stack frames</div></td></tr></table><p class="totop"><a href="#summary">back to summary</a></p>
<h3 id="m10">online.testcases.com.PlacedOrderd#AddProductIntoCart</h3><table class="result"><tr><th class="invisible"/></tr></table><p class="totop"><a href="#summary">back to summary</a></p>
<h3 id="m11">online.testcases.com.PlacedOrderd#SelectProduct</h3><table class="result"><tr><th class="invisible"/></tr></table><p class="totop"><a href="#summary">back to summary</a></p>
<h2>Bulk Order Query with Online user</h2><h3 id="m12">online.testcases.com.RFQProcess#bulkOrderQuerywithOnlineUser</h3><table class="result"><tr class="param"><th>Parameter #1</th><th>Parameter #2</th><th>Parameter #3</th></tr><tr class="param stripe"><td>ELECTRICALS</td><td>10</td><td>V-Gard</td></tr></table><p class="totop"><a href="#summary">back to summary</a></p>
<h3 id="m13">online.testcases.com.RFQProcess#navigateToRFQPage</h3><table class="result"><tr class="param"><th>Parameter #1</th><th>Parameter #2</th></tr><tr class="param stripe"><td>test1@yopmail.com</td><td>test@123</td></tr></table><p class="totop"><a href="#summary">back to summary</a></p>
<h2>Signup process for Business Account user</h2><h3 id="m14">online.testcases.com.BusinessAccount#navigateOnSignupPage</h3><table class="result"><tr class="param"><th>Parameter #1</th></tr><tr class="param stripe"><td>businessUser9@yopmail.com</td></tr></table><p class="totop"><a href="#summary">back to summary</a></p>
<h3 id="m15">online.testcases.com.BusinessAccount#navigateToCreateBusinessAccountPage</h3><table class="result"><tr class="param"><th>Parameter #1</th><th>Parameter #2</th><th>Parameter #3</th></tr><tr class="param stripe"><td>test@123</td><td>2398994989</td><td>BusinessUser</td></tr></table><p class="totop"><a href="#summary">back to summary</a></p>
<h3 id="m16">online.testcases.com.BusinessAccount#signUpwithBusinessAccountInMoglixApp</h3><table class="result"><tr class="param"><th>Parameter #1</th><th>Parameter #2</th><th>Parameter #3</th><th>Parameter #4</th><th>Parameter #5</th><th>Parameter #6</th></tr><tr class="param stripe"><td>Priya Infotech</td><td>Noida Sector 16</td><td>softech@yopmail.com</td><td>201301</td><td>3498788890</td><td>66666666</td></tr></table><p class="totop"><a href="#summary">back to summary</a></p>
<h3 id="m17">online.testcases.com.BusinessAccount#verifyMandatoryfieldBusinessAccountPage</h3><table class="result"><tr><th class="invisible"/></tr></table><p class="totop"><a href="#summary">back to summary</a></p>
<h2>Order Proceed with personal account users</h2><h3 id="m18">online.testcases.com.PlacedOrderd#addBiillingAddress</h3><table class="result"><tr class="param"><th>Parameter #1</th><th>Parameter #2</th><th>Parameter #3</th></tr><tr class="param stripe"><td>201301</td><td>Noida Sector 18</td><td>27GSPMH0601G1Z1</td></tr><tr><th colspan="3">Exception</th></tr><tr><td colspan="3"><div class="stacktrace">org.openqa.selenium.NoSuchElementException: no such element: Unable to locate element: {&quot;method&quot;:&quot;xpath&quot;,&quot;selector&quot;:&quot;//label[contains(text(),&apos;+ Add Billing Address&apos;)]&quot;}
  (Session info: chrome=65.0.3325.181)
  (Driver info: chromedriver=2.38.552522 (437e6fbedfa8762dec75e2c5b3ddb86763dc9dcb),platform=Linux 4.13.0-38-generic x86_64) (WARNING: The server did not provide any stacktrace information)
Command duration or timeout: 0 milliseconds
For documentation on this error, please visit: http://seleniumhq.org/exceptions/no_such_element.html
Build info: version: &apos;3.11.0&apos;, revision: &apos;e59cfb3&apos;, time: &apos;2018-03-11T20:33:15.31Z&apos;
System info: host: &apos;ShaliniSingh-ThinkPad-E460&apos;, ip: &apos;127.0.1.1&apos;, os.name: &apos;Linux&apos;, os.arch: &apos;amd64&apos;, os.version: &apos;4.13.0-38-generic&apos;, java.version: &apos;1.8.0_161&apos;
Driver info: org.openqa.selenium.chrome.ChromeDriver
Capabilities {acceptInsecureCerts: false, acceptSslCerts: false, applicationCacheEnabled: false, browserConnectionEnabled: false, browserName: chrome, chrome: {chromedriverVersion: 2.38.552522 (437e6fbedfa876..., userDataDir: /tmp/.org.chromium.Chromium...}, cssSelectorsEnabled: true, databaseEnabled: false, handlesAlerts: true, hasTouchScreen: false, javascriptEnabled: true, locationContextEnabled: true, mobileEmulationEnabled: false, nativeEvents: true, networkConnectionEnabled: false, pageLoadStrategy: normal, platform: LINUX, platformName: LINUX, rotatable: false, setWindowRect: true, takesHeapSnapshot: true, takesScreenshot: true, unexpectedAlertBehaviour: , unhandledPromptBehavior: , version: 65.0.3325.181, webStorageEnabled: true}
Session ID: e53a34a09b77611c964d53d30b8bb206
*** Element info: {Using=xpath, value=//label[contains(text(),&apos;+ Add Billing Address&apos;)]}
	at org.openqa.selenium.remote.ErrorHandler.createThrowable(ErrorHandler.java:214)
	at org.openqa.selenium.remote.ErrorHandler.throwIfResponseFailed(ErrorHandler.java:166)
	at org.openqa.selenium.remote.http.JsonHttpResponseCodec.reconstructValue(JsonHttpResponseCodec.java:40)
	at org.openqa.selenium.remote.http.AbstractHttpResponseCodec.decode(AbstractHttpResponseCodec.java:80)
	at org.openqa.selenium.remote.http.AbstractHttpResponseCodec.decode(AbstractHttpResponseCodec.java:44)
	at org.openqa.selenium.remote.HttpCommandExecutor.execute(HttpCommandExecutor.java:158)
	at org.openqa.selenium.remote.service.DriverCommandExecutor.execute(DriverCommandExecutor.java:83)
	at org.openqa.selenium.remote.RemoteWebDriver.execute(RemoteWebDriver.java:545)
	at org.openqa.selenium.remote.RemoteWebDriver.findElement(RemoteWebDriver.java:319)
	at org.openqa.selenium.remote.RemoteWebDriver.findElementByXPath(RemoteWebDriver.java:421)
	at org.openqa.selenium.By$ByXPath.findElement(By.java:361)
	at org.openqa.selenium.remote.RemoteWebDriver.findElement(RemoteWebDriver.java:311)
	at org.openqa.selenium.support.pagefactory.DefaultElementLocator.findElement(DefaultElementLocator.java:69)
	at org.openqa.selenium.support.pagefactory.internal.LocatingElementHandler.invoke(LocatingElementHandler.java:38)
	at com.sun.proxy.$Proxy9.click(Unknown Source)
	at online.appmethods.com.ProductPurchageMethods.clkOnAddBillingAdd(ProductPurchageMethods.java:78)
	at online.testcases.com.PlacedOrderd.addBiillingAddress(PlacedOrderd.java:259)
... Removed 30 stack frames</div></td></tr></table><p class="totop"><a href="#summary">back to summary</a></p>
<h3 id="m19">online.testcases.com.PlacedOrderd#addShippingAddress</h3><table class="result"><tr class="param"><th>Parameter #1</th><th>Parameter #2</th></tr><tr class="param stripe"><td>201301</td><td>Noida Sector 18</td></tr><tr><th colspan="2">Exception</th></tr><tr><td colspan="2"><div class="stacktrace">org.openqa.selenium.NoSuchElementException: no such element: Unable to locate element: {&quot;method&quot;:&quot;xpath&quot;,&quot;selector&quot;:&quot;//input[starts-with(@formcontrolname,&apos;postCode&apos;)]&quot;}
  (Session info: chrome=65.0.3325.181)
  (Driver info: chromedriver=2.38.552522 (437e6fbedfa8762dec75e2c5b3ddb86763dc9dcb),platform=Linux 4.13.0-38-generic x86_64) (WARNING: The server did not provide any stacktrace information)
Command duration or timeout: 0 milliseconds
For documentation on this error, please visit: http://seleniumhq.org/exceptions/no_such_element.html
Build info: version: &apos;3.11.0&apos;, revision: &apos;e59cfb3&apos;, time: &apos;2018-03-11T20:33:15.31Z&apos;
System info: host: &apos;ShaliniSingh-ThinkPad-E460&apos;, ip: &apos;127.0.1.1&apos;, os.name: &apos;Linux&apos;, os.arch: &apos;amd64&apos;, os.version: &apos;4.13.0-38-generic&apos;, java.version: &apos;1.8.0_161&apos;
Driver info: org.openqa.selenium.chrome.ChromeDriver
Capabilities {acceptInsecureCerts: false, acceptSslCerts: false, applicationCacheEnabled: false, browserConnectionEnabled: false, browserName: chrome, chrome: {chromedriverVersion: 2.38.552522 (437e6fbedfa876..., userDataDir: /tmp/.org.chromium.Chromium...}, cssSelectorsEnabled: true, databaseEnabled: false, handlesAlerts: true, hasTouchScreen: false, javascriptEnabled: true, locationContextEnabled: true, mobileEmulationEnabled: false, nativeEvents: true, networkConnectionEnabled: false, pageLoadStrategy: normal, platform: LINUX, platformName: LINUX, rotatable: false, setWindowRect: true, takesHeapSnapshot: true, takesScreenshot: true, unexpectedAlertBehaviour: , unhandledPromptBehavior: , version: 65.0.3325.181, webStorageEnabled: true}
Session ID: e53a34a09b77611c964d53d30b8bb206
*** Element info: {Using=xpath, value=//input[starts-with(@formcontrolname,&apos;postCode&apos;)]}
	at org.openqa.selenium.remote.ErrorHandler.createThrowable(ErrorHandler.java:214)
	at org.openqa.selenium.remote.ErrorHandler.throwIfResponseFailed(ErrorHandler.java:166)
	at org.openqa.selenium.remote.http.JsonHttpResponseCodec.reconstructValue(JsonHttpResponseCodec.java:40)
	at org.openqa.selenium.remote.http.AbstractHttpResponseCodec.decode(AbstractHttpResponseCodec.java:80)
	at org.openqa.selenium.remote.http.AbstractHttpResponseCodec.decode(AbstractHttpResponseCodec.java:44)
	at org.openqa.selenium.remote.HttpCommandExecutor.execute(HttpCommandExecutor.java:158)
	at org.openqa.selenium.remote.service.DriverCommandExecutor.execute(DriverCommandExecutor.java:83)
	at org.openqa.selenium.remote.RemoteWebDriver.execute(RemoteWebDriver.java:545)
	at org.openqa.selenium.remote.RemoteWebDriver.findElement(RemoteWebDriver.java:319)
	at org.openqa.selenium.remote.RemoteWebDriver.findElementByXPath(RemoteWebDriver.java:421)
	at org.openqa.selenium.By$ByXPath.findElement(By.java:361)
	at org.openqa.selenium.remote.RemoteWebDriver.findElement(RemoteWebDriver.java:311)
	at org.openqa.selenium.support.pagefactory.DefaultElementLocator.findElement(DefaultElementLocator.java:69)
	at org.openqa.selenium.support.pagefactory.internal.LocatingElementHandler.invoke(LocatingElementHandler.java:38)
	at com.sun.proxy.$Proxy9.sendKeys(Unknown Source)
	at online.appmethods.com.LoginMethods.enterPinNo(LoginMethods.java:66)
	at online.testcases.com.PlacedOrderd.addShippingAddress(PlacedOrderd.java:143)
... Removed 30 stack frames</div></td></tr></table><p class="totop"><a href="#summary">back to summary</a></p>
<h3 id="m20">online.testcases.com.PlacedOrderd#proceedOrdertoPayment</h3><table class="result"><tr><th>Exception</th></tr><tr><td><div class="stacktrace">org.openqa.selenium.NoSuchElementException: no such element: Unable to locate element: {&quot;method&quot;:&quot;xpath&quot;,&quot;selector&quot;:&quot;//button[contains(text(),&apos;CONTINUE&apos;)]&quot;}
  (Session info: chrome=65.0.3325.181)
  (Driver info: chromedriver=2.38.552522 (437e6fbedfa8762dec75e2c5b3ddb86763dc9dcb),platform=Linux 4.13.0-38-generic x86_64) (WARNING: The server did not provide any stacktrace information)
Command duration or timeout: 0 milliseconds
For documentation on this error, please visit: http://seleniumhq.org/exceptions/no_such_element.html
Build info: version: &apos;3.11.0&apos;, revision: &apos;e59cfb3&apos;, time: &apos;2018-03-11T20:33:15.31Z&apos;
System info: host: &apos;ShaliniSingh-ThinkPad-E460&apos;, ip: &apos;127.0.1.1&apos;, os.name: &apos;Linux&apos;, os.arch: &apos;amd64&apos;, os.version: &apos;4.13.0-38-generic&apos;, java.version: &apos;1.8.0_161&apos;
Driver info: org.openqa.selenium.chrome.ChromeDriver
Capabilities {acceptInsecureCerts: false, acceptSslCerts: false, applicationCacheEnabled: false, browserConnectionEnabled: false, browserName: chrome, chrome: {chromedriverVersion: 2.38.552522 (437e6fbedfa876..., userDataDir: /tmp/.org.chromium.Chromium...}, cssSelectorsEnabled: true, databaseEnabled: false, handlesAlerts: true, hasTouchScreen: false, javascriptEnabled: true, locationContextEnabled: true, mobileEmulationEnabled: false, nativeEvents: true, networkConnectionEnabled: false, pageLoadStrategy: normal, platform: LINUX, platformName: LINUX, rotatable: false, setWindowRect: true, takesHeapSnapshot: true, takesScreenshot: true, unexpectedAlertBehaviour: , unhandledPromptBehavior: , version: 65.0.3325.181, webStorageEnabled: true}
Session ID: e53a34a09b77611c964d53d30b8bb206
*** Element info: {Using=xpath, value=//button[contains(text(),&apos;CONTINUE&apos;)]}
	at org.openqa.selenium.remote.ErrorHandler.createThrowable(ErrorHandler.java:214)
	at org.openqa.selenium.remote.ErrorHandler.throwIfResponseFailed(ErrorHandler.java:166)
	at org.openqa.selenium.remote.http.JsonHttpResponseCodec.reconstructValue(JsonHttpResponseCodec.java:40)
	at org.openqa.selenium.remote.http.AbstractHttpResponseCodec.decode(AbstractHttpResponseCodec.java:80)
	at org.openqa.selenium.remote.http.AbstractHttpResponseCodec.decode(AbstractHttpResponseCodec.java:44)
	at org.openqa.selenium.remote.HttpCommandExecutor.execute(HttpCommandExecutor.java:158)
	at org.openqa.selenium.remote.service.DriverCommandExecutor.execute(DriverCommandExecutor.java:83)
	at org.openqa.selenium.remote.RemoteWebDriver.execute(RemoteWebDriver.java:545)
	at org.openqa.selenium.remote.RemoteWebDriver.findElement(RemoteWebDriver.java:319)
	at org.openqa.selenium.remote.RemoteWebDriver.findElementByXPath(RemoteWebDriver.java:421)
	at org.openqa.selenium.By$ByXPath.findElement(By.java:361)
	at org.openqa.selenium.remote.RemoteWebDriver.findElement(RemoteWebDriver.java:311)
	at org.openqa.selenium.support.pagefactory.DefaultElementLocator.findElement(DefaultElementLocator.java:69)
	at org.openqa.selenium.support.pagefactory.internal.LocatingElementHandler.invoke(LocatingElementHandler.java:38)
	at com.sun.proxy.$Proxy9.click(Unknown Source)
	at online.appmethods.com.LoginMethods.clkContinuebtn(LoginMethods.java:31)
	at online.testcases.com.PlacedOrderd.proceedOrdertoPayment(PlacedOrderd.java:169)
... Removed 30 stack frames</div></td></tr></table><p class="totop"><a href="#summary">back to summary</a></p>
<h3 id="m21">online.testcases.com.PlacedOrderd#AddProductIntoCart</h3><table class="result"><tr><th class="invisible"/></tr></table><p class="totop"><a href="#summary">back to summary</a></p>
<h3 id="m22">online.testcases.com.PlacedOrderd#SelectProduct</h3><table class="result"><tr><th class="invisible"/></tr></table><p class="totop"><a href="#summary">back to summary</a></p>
<h2>Login into the application and Select product</h2><h3 id="m23">online.testcases.com.PlacedOrderd#SelectProduct</h3><table class="result"><tr><th class="invisible"/></tr></table><p class="totop"><a href="#summary">back to summary</a></p>
<h3 id="m24">online.testcases.com.PlacedOrderd#validLogin</h3><table class="result"><tr class="param"><th>Parameter #1</th><th>Parameter #2</th></tr><tr class="param stripe"><td>test1@yopmail.com</td><td>test@123</td></tr></table><p class="totop"><a href="#summary">back to summary</a></p>
<h2>Request for Quotation</h2><h3 id="m25">online.testcases.com.RequestQuoteProcess#ApplyBulkOrderRequestForm</h3><table class="result"><tr class="param"><th>Parameter #1</th><th>Parameter #2</th></tr><tr class="param stripe"><td>10</td><td>ABCDS1234Y</td></tr></table><p class="totop"><a href="#summary">back to summary</a></p>
<h3 id="m26">online.testcases.com.RequestQuoteProcess#NavigatedToRFQPage</h3><table class="result"><tr><th class="invisible"/></tr></table><p class="totop"><a href="#summary">back to summary</a></p>
</body>
</html>
