<?xml version="1.0" encoding="UTF-8"?>
<!-- Generated by org.testng.reporters.JUnitXMLReporter -->
<testsuite hostname="ShaliniSingh-ThinkPad-E460" ignored="7" name="Login into the application and Select product" tests="2" failures="0" timestamp="18 May 2018 13:03:58 GMT" time="0.276" errors="0">
  <testcase name="@BeforeSuite launchBrowser" time="46.602" classname="online.common.com.Connectivity">
    <failure type="org.openqa.selenium.NoSuchWindowException" message="no such window: target window already closed
from unknown error: web view not found
  (Session info: chrome=65.0.3325.181)
  (Driver info: chromedriver=2.38.552522 (437e6fbedfa8762dec75e2c5b3ddb86763dc9dcb),platform=Linux 4.13.0-38-generic x86_64) (WARNING: The server did not provide any stacktrace information)
Command duration or timeout: 0 milliseconds
Build info: version: &amp;apos;3.11.0&amp;apos;, revision: &amp;apos;e59cfb3&amp;apos;, time: &amp;apos;2018-03-11T20:33:15.31Z&amp;apos;
System info: host: &amp;apos;ShaliniSingh-ThinkPad-E460&amp;apos;, ip: &amp;apos;127.0.1.1&amp;apos;, os.name: &amp;apos;Linux&amp;apos;, os.arch: &amp;apos;amd64&amp;apos;, os.version: &amp;apos;4.13.0-38-generic&amp;apos;, java.version: &amp;apos;1.8.0_161&amp;apos;
Driver info: org.openqa.selenium.chrome.ChromeDriver
Capabilities {acceptInsecureCerts: false, acceptSslCerts: false, applicationCacheEnabled: false, browserConnectionEnabled: false, browserName: chrome, chrome: {chromedriverVersion: 2.38.552522 (437e6fbedfa876..., userDataDir: /tmp/.org.chromium.Chromium...}, cssSelectorsEnabled: true, databaseEnabled: false, handlesAlerts: true, hasTouchScreen: false, javascriptEnabled: true, locationContextEnabled: true, mobileEmulationEnabled: false, nativeEvents: true, networkConnectionEnabled: false, pageLoadStrategy: normal, platform: LINUX, platformName: LINUX, rotatable: false, setWindowRect: true, takesHeapSnapshot: true, takesScreenshot: true, unexpectedAlertBehaviour: , unhandledPromptBehavior: , version: 65.0.3325.181, webStorageEnabled: true}
Session ID: 542ebbe23c7eeb9381abddbe6fee2339">
      <![CDATA[org.openqa.selenium.NoSuchWindowException: no such window: target window already closed
from unknown error: web view not found
  (Session info: chrome=65.0.3325.181)
  (Driver info: chromedriver=2.38.552522 (437e6fbedfa8762dec75e2c5b3ddb86763dc9dcb),platform=Linux 4.13.0-38-generic x86_64) (WARNING: The server did not provide any stacktrace information)
Command duration or timeout: 0 milliseconds
Build info: version: '3.11.0', revision: 'e59cfb3', time: '2018-03-11T20:33:15.31Z'
System info: host: 'ShaliniSingh-ThinkPad-E460', ip: '127.0.1.1', os.name: 'Linux', os.arch: 'amd64', os.version: '4.13.0-38-generic', java.version: '1.8.0_161'
Driver info: org.openqa.selenium.chrome.ChromeDriver
Capabilities {acceptInsecureCerts: false, acceptSslCerts: false, applicationCacheEnabled: false, browserConnectionEnabled: false, browserName: chrome, chrome: {chromedriverVersion: 2.38.552522 (437e6fbedfa876..., userDataDir: /tmp/.org.chromium.Chromium...}, cssSelectorsEnabled: true, databaseEnabled: false, handlesAlerts: true, hasTouchScreen: false, javascriptEnabled: true, locationContextEnabled: true, mobileEmulationEnabled: false, nativeEvents: true, networkConnectionEnabled: false, pageLoadStrategy: normal, platform: LINUX, platformName: LINUX, rotatable: false, setWindowRect: true, takesHeapSnapshot: true, takesScreenshot: true, unexpectedAlertBehaviour: , unhandledPromptBehavior: , version: 65.0.3325.181, webStorageEnabled: true}
Session ID: 542ebbe23c7eeb9381abddbe6fee2339
at org.openqa.selenium.remote.ErrorHandler.createThrowable(ErrorHandler.java:214)
at org.openqa.selenium.remote.ErrorHandler.throwIfResponseFailed(ErrorHandler.java:166)
at org.openqa.selenium.remote.http.JsonHttpResponseCodec.reconstructValue(JsonHttpResponseCodec.java:40)
at org.openqa.selenium.remote.http.AbstractHttpResponseCodec.decode(AbstractHttpResponseCodec.java:80)
at org.openqa.selenium.remote.http.AbstractHttpResponseCodec.decode(AbstractHttpResponseCodec.java:44)
at org.openqa.selenium.remote.HttpCommandExecutor.execute(HttpCommandExecutor.java:158)
at org.openqa.selenium.remote.service.DriverCommandExecutor.execute(DriverCommandExecutor.java:83)
at org.openqa.selenium.remote.RemoteWebDriver.execute(RemoteWebDriver.java:545)
at org.openqa.selenium.remote.RemoteWebDriver.execute(RemoteWebDriver.java:602)
at org.openqa.selenium.remote.RemoteWebDriver.getScreenshotAs(RemoteWebDriver.java:291)
at online.common.com.CommonMethods.TakeScreenshots(CommonMethods.java:63)
at online.common.com.Connectivity.launchBrowser(Connectivity.java:53)
... Removed 24 stack frames]]>
    </failure>
  </testcase> <!-- @BeforeSuite launchBrowser -->
  <testcase name="validLogin" time="0.0" classname="online.testcases.com.PlacedOrderd">
    <skipped/>
  </testcase> <!-- validLogin -->
  <testcase name="SelectProduct" time="0.0" classname="online.testcases.com.PlacedOrderd">
    <skipped/>
  </testcase> <!-- SelectProduct -->
  <testcase name="AddProductIntoCart" time="0.0" classname="online.testcases.com.PlacedOrderd">
    <ignored/>
  </testcase> <!-- AddProductIntoCart -->
  <testcase name="addBiillingAddress" time="0.0" classname="online.testcases.com.PlacedOrderd">
    <ignored/>
  </testcase> <!-- addBiillingAddress -->
  <testcase name="LoginwithBussinessUser" time="0.0" classname="online.testcases.com.PlacedOrderd">
    <ignored/>
  </testcase> <!-- LoginwithBussinessUser -->
  <testcase name="OrderCategoryProduct" time="0.0" classname="online.testcases.com.PlacedOrderd">
    <ignored/>
  </testcase> <!-- OrderCategoryProduct -->
  <testcase name="addShippingAddress" time="0.0" classname="online.testcases.com.PlacedOrderd">
    <ignored/>
  </testcase> <!-- addShippingAddress -->
  <testcase name="loginWithBusinessUser" time="0.0" classname="online.testcases.com.PlacedOrderd">
    <ignored/>
  </testcase> <!-- loginWithBusinessUser -->
  <testcase name="proceedOrdertoPayment" time="0.0" classname="online.testcases.com.PlacedOrderd">
    <ignored/>
  </testcase> <!-- proceedOrdertoPayment -->
</testsuite> <!-- Login into the application and Select product -->
